<?xml version="1.0" encoding="UTF-8"?>
<testng-results ignored="0" total="3" passed="3" failed="0" skipped="0">
  <reporter-output>
  </reporter-output>
  <suite started-at="2024-12-04T18:31:34 IST" name="Testingbaba testcases" finished-at="2024-12-04T18:31:45 IST" duration-ms="10967">
    <groups>
    </groups>
    <test started-at="2024-12-04T18:31:34 IST" name="Login Tests" finished-at="2024-12-04T18:31:45 IST" duration-ms="10967">
      <class name="oright_test.GetStartbtn_test">
        <test-method is-config="true" signature="getLaunchUrl_testingbaba()[pri:0, instance:oright_test.GetStartbtn_test@17fc391b]" started-at="2024-12-04T18:31:34 IST" name="getLaunchUrl_testingbaba" finished-at="2024-12-04T18:31:43 IST" duration-ms="8769" status="PASS">
          <reporter-output>
          </reporter-output>
        </test-method> <!-- getLaunchUrl_testingbaba -->
        <test-method signature="gettitle_oright()[pri:1, instance:oright_test.GetStartbtn_test@17fc391b]" started-at="2024-12-04T18:31:43 IST" name="gettitle_oright" finished-at="2024-12-04T18:31:43 IST" duration-ms="29" status="PASS">
          <reporter-output>
          </reporter-output>
        </test-method> <!-- gettitle_oright -->
        <test-method signature="getstarted_oright()[pri:2, instance:oright_test.GetStartbtn_test@17fc391b]" started-at="2024-12-04T18:31:43 IST" name="getstarted_oright" finished-at="2024-12-04T18:31:43 IST" duration-ms="100" status="PASS">
          <reporter-output>
          </reporter-output>
        </test-method> <!-- getstarted_oright -->
        <test-method signature="getlogin_oright()[pri:3, instance:oright_test.GetStartbtn_test@17fc391b]" started-at="2024-12-04T18:31:43 IST" name="getlogin_oright" finished-at="2024-12-04T18:31:45 IST" duration-ms="1978" status="PASS">
          <reporter-output>
          </reporter-output>
        </test-method> <!-- getlogin_oright -->
        <test-method is-config="true" signature="Teardown()[pri:0, instance:oright_test.GetStartbtn_test@17fc391b]" started-at="2024-12-04T18:31:45 IST" name="Teardown" finished-at="2024-12-04T18:31:45 IST" duration-ms="1" status="PASS">
          <reporter-output>
          </reporter-output>
        </test-method> <!-- Teardown -->
      </class> <!-- oright_test.GetStartbtn_test -->
    </test> <!-- Login Tests -->
  </suite> <!-- Testingbaba testcases -->
</testng-results>
