<?xml version="1.0" encoding="UTF-8"?>
<!-- Generated by org.testng.reporters.JUnitXMLReporter -->
<testsuite ignored="0" hostname="DESKTOP-I2ISUJ1" failures="0" tests="3" name="Login Tests" time="10.967" errors="0" timestamp="2024-12-04T18:31:45 IST">
  <testcase classname="oright_test.GetStartbtn_test" name="gettitle_oright" time="0.029"/>
  <testcase classname="oright_test.GetStartbtn_test" name="getstarted_oright" time="0.1"/>
  <testcase classname="oright_test.GetStartbtn_test" name="getlogin_oright" time="1.978"/>
</testsuite> <!-- Login Tests -->
